<?xml version="1.0" encoding="UTF-8"?>
<testng-results ignored="0" total="1" passed="1" failed="0" skipped="0">
  <reporter-output>
  </reporter-output>
  <suite started-at="2022-08-06T11:21:19 IST" name="Default suite" finished-at="2022-08-06T11:21:24 IST" duration-ms="4923">
    <groups>
    </groups>
    <test started-at="2022-08-06T11:21:19 IST" name="Default test" finished-at="2022-08-06T11:21:24 IST" duration-ms="4923">
      <class name="com.rmg.Validation.DynamicValidation">
        <test-method signature="dynamicValidation()[pri:0, instance:com.rmg.Validation.DynamicValidation@247d8ae]" started-at="2022-08-06T11:21:19 IST" name="dynamicValidation" finished-at="2022-08-06T11:21:24 IST" duration-ms="4840" status="PASS">
          <reporter-output>
          </reporter-output>
        </test-method> <!-- dynamicValidation -->
      </class> <!-- com.rmg.Validation.DynamicValidation -->
    </test> <!-- Default test -->
  </suite> <!-- Default suite -->
</testng-results>
